
7월 15, 2022 16:06:37.584 NEW SESSION
7월 15, 2022 16:06:37.584 [5320:3008:0715/160637.583:ERROR:device_event_log_impl.cc(214)] [16:06:37.582] Bluetooth: bluetooth_adapter_winrt.cc:1074 Getting Default Adapter failed.

7월 15, 2022 16:16:06.421 NEW SESSION
7월 15, 2022 16:16:06.421 [5596:5168:0715/161606.420:ERROR:device_event_log_impl.cc(214)] [16:16:06.420] Bluetooth: bluetooth_adapter_winrt.cc:1074 Getting Default Adapter failed.
7월 15, 2022 16:19:41.764 [8888:9208:0715/161941.764:ERROR:device_event_log_impl.cc(214)] [16:19:41.764] Bluetooth: bluetooth_adapter_winrt.cc:1074 Getting Default Adapter failed.
7월 15, 2022 16:26:20.74 [8216:4432:0715/162620.074:ERROR:device_event_log_impl.cc(214)] [16:26:20.074] Bluetooth: bluetooth_adapter_winrt.cc:1074 Getting Default Adapter failed.
7월 15, 2022 16:56:47.626 [12136:8:0715/165647.626:ERROR:device_event_log_impl.cc(214)] [16:56:47.626] Bluetooth: bluetooth_adapter_winrt.cc:1074 Getting Default Adapter failed.
7월 15, 2022 17:00:20.794 [12840:1384:0715/170020.794:ERROR:device_event_log_impl.cc(214)] [17:00:20.795] Bluetooth: bluetooth_adapter_winrt.cc:1074 Getting Default Adapter failed.
7월 15, 2022 17:15:16.943 [10616:13064:0715/171516.943:ERROR:device_event_log_impl.cc(214)] [17:15:16.943] Bluetooth: bluetooth_adapter_winrt.cc:1074 Getting Default Adapter failed.
7월 15, 2022 17:16:03.203 [5656:4300:0715/171603.203:ERROR:device_event_log_impl.cc(214)] [17:16:03.203] Bluetooth: bluetooth_adapter_winrt.cc:1074 Getting Default Adapter failed.
7월 15, 2022 17:16:51.828 [14124:8588:0715/171651.828:ERROR:device_event_log_impl.cc(214)] [17:16:51.828] Bluetooth: bluetooth_adapter_winrt.cc:1074 Getting Default Adapter failed.
7월 15, 2022 17:18:09.573 [9384:14000:0715/171809.573:ERROR:device_event_log_impl.cc(214)] [17:18:09.574] Bluetooth: bluetooth_adapter_winrt.cc:1074 Getting Default Adapter failed.
7월 15, 2022 17:20:11.139 [4808:12352:0715/172011.138:ERROR:device_event_log_impl.cc(214)] [17:20:11.139] Bluetooth: bluetooth_adapter_winrt.cc:1074 Getting Default Adapter failed.
7월 15, 2022 17:26:54.782 [8096:9260:0715/172654.782:ERROR:device_event_log_impl.cc(214)] [17:26:54.782] Bluetooth: bluetooth_adapter_winrt.cc:1074 Getting Default Adapter failed.
7월 15, 2022 17:27:19.629 [2596:7188:0715/172719.629:ERROR:device_event_log_impl.cc(214)] [17:27:19.628] Bluetooth: bluetooth_adapter_winrt.cc:1074 Getting Default Adapter failed.
7월 15, 2022 17:50:00.998 [14076:2028:0715/175000.997:ERROR:device_event_log_impl.cc(214)] [17:50:00.998] Bluetooth: bluetooth_adapter_winrt.cc:1074 Getting Default Adapter failed.
7월 15, 2022 17:51:08.660 [7452:11388:0715/175108.659:ERROR:device_event_log_impl.cc(214)] [17:51:08.660] Bluetooth: bluetooth_adapter_winrt.cc:1074 Getting Default Adapter failed.
7월 15, 2022 17:56:16.868 [13952:8804:0715/175616.867:ERROR:device_event_log_impl.cc(214)] [17:56:16.867] Bluetooth: bluetooth_adapter_winrt.cc:1074 Getting Default Adapter failed.

7월 18, 2022 09:34:19.147 NEW SESSION
7월 18, 2022 09:34:19.147 [8340:5440:0718/093419.147:ERROR:device_event_log_impl.cc(214)] [09:34:19.147] Bluetooth: bluetooth_adapter_winrt.cc:1074 Getting Default Adapter failed.
7월 18, 2022 11:07:54.398 [9924:7688:0718/110754.398:ERROR:device_event_log_impl.cc(214)] [11:07:54.398] Bluetooth: bluetooth_adapter_winrt.cc:1074 Getting Default Adapter failed.

7월 18, 2022 11:11:01.985 NEW SESSION
7월 18, 2022 11:11:01.986 [12120:9588:0718/111101.984:ERROR:device_event_log_impl.cc(214)] [11:11:01.984] Bluetooth: bluetooth_adapter_winrt.cc:1074 Getting Default Adapter failed.
7월 18, 2022 12:07:50.655 [7460:4412:0718/120750.655:ERROR:device_event_log_impl.cc(214)] [12:07:50.656] Bluetooth: bluetooth_adapter_winrt.cc:1074 Getting Default Adapter failed.
7월 18, 2022 12:09:09.586 [7128:12236:0718/120909.585:ERROR:device_event_log_impl.cc(214)] [12:09:09.585] Bluetooth: bluetooth_adapter_winrt.cc:1074 Getting Default Adapter failed.
7월 18, 2022 12:09:51.970 [4320:4832:0718/120951.970:ERROR:device_event_log_impl.cc(214)] [12:09:51.970] Bluetooth: bluetooth_adapter_winrt.cc:1074 Getting Default Adapter failed.

7월 18, 2022 12:12:57.617 NEW SESSION
7월 18, 2022 12:12:57.618 [13008:9236:0718/121257.617:ERROR:device_event_log_impl.cc(214)] [12:12:57.616] Bluetooth: bluetooth_adapter_winrt.cc:1074 Getting Default Adapter failed.
7월 18, 2022 12:15:39.402 [5612:1096:0718/121539.401:ERROR:device_event_log_impl.cc(214)] [12:15:39.402] Bluetooth: bluetooth_adapter_winrt.cc:1074 Getting Default Adapter failed.
7월 18, 2022 12:18:57.540 [3496:6968:0718/121857.540:ERROR:device_event_log_impl.cc(214)] [12:18:57.540] Bluetooth: bluetooth_adapter_winrt.cc:1074 Getting Default Adapter failed.
7월 18, 2022 12:23:42.196 [4632:8092:0718/122342.196:ERROR:device_event_log_impl.cc(214)] [12:23:42.196] Bluetooth: bluetooth_adapter_winrt.cc:1074 Getting Default Adapter failed.
7월 18, 2022 12:28:29.911 [11444:1576:0718/122829.910:ERROR:device_event_log_impl.cc(214)] [12:28:29.910] Bluetooth: bluetooth_adapter_winrt.cc:1074 Getting Default Adapter failed.
7월 18, 2022 14:49:55.885 [9700:7828:0718/144955.885:ERROR:device_event_log_impl.cc(214)] [14:49:55.885] Bluetooth: bluetooth_adapter_winrt.cc:1074 Getting Default Adapter failed.
7월 18, 2022 14:53:42.895 [2960:12292:0718/145342.894:ERROR:device_event_log_impl.cc(214)] [14:53:42.894] Bluetooth: bluetooth_adapter_winrt.cc:1074 Getting Default Adapter failed.
7월 18, 2022 14:54:20.811 [4064:4080:0718/145420.811:ERROR:device_event_log_impl.cc(214)] [14:54:20.811] Bluetooth: bluetooth_adapter_winrt.cc:1074 Getting Default Adapter failed.
7월 18, 2022 14:54:37.370 [12764:10376:0718/145437.370:ERROR:device_event_log_impl.cc(214)] [14:54:37.370] Bluetooth: bluetooth_adapter_winrt.cc:1074 Getting Default Adapter failed.

7월 18, 2022 16:04:41.17 NEW SESSION
7월 18, 2022 16:04:41.17 [12120:12516:0718/160441.016:ERROR:device_event_log_impl.cc(214)] [16:04:41.017] Bluetooth: bluetooth_adapter_winrt.cc:1074 Getting Default Adapter failed.
7월 18, 2022 16:20:14.764 [11860:2368:0718/162014.763:ERROR:device_event_log_impl.cc(214)] [16:20:14.764] Bluetooth: bluetooth_adapter_winrt.cc:1074 Getting Default Adapter failed.
7월 18, 2022 16:29:00.492 [4064:6576:0718/162900.491:ERROR:gpu_process_host.cc(975)] GPU process exited unexpectedly: exit_code=1
7월 18, 2022 16:29:01.688 [4064:6576:0718/162901.688:ERROR:gpu_process_host.cc(975)] GPU process exited unexpectedly: exit_code=1
7월 18, 2022 16:29:07.41 [4064:6576:0718/162907.041:ERROR:gpu_process_host.cc(975)] GPU process exited unexpectedly: exit_code=1
7월 18, 2022 16:29:08.666 [4064:6576:0718/162908.666:ERROR:gpu_process_host.cc(975)] GPU process exited unexpectedly: exit_code=1
7월 18, 2022 16:29:20.325 [11360:12624:0718/162920.325:ERROR:device_event_log_impl.cc(214)] [16:29:20.325] Bluetooth: bluetooth_adapter_winrt.cc:1074 Getting Default Adapter failed.
7월 18, 2022 16:53:25.652 [9112:10744:0718/165325.652:ERROR:device_event_log_impl.cc(214)] [16:53:25.652] Bluetooth: bluetooth_adapter_winrt.cc:1074 Getting Default Adapter failed.
7월 18, 2022 16:54:42.354 [6816:7892:0718/165442.354:ERROR:device_event_log_impl.cc(214)] [16:54:42.353] Bluetooth: bluetooth_adapter_winrt.cc:1074 Getting Default Adapter failed.
7월 18, 2022 17:35:21.486 [2708:11820:0718/173521.486:ERROR:device_event_log_impl.cc(214)] [17:35:21.485] Bluetooth: bluetooth_adapter_winrt.cc:1074 Getting Default Adapter failed.
7월 18, 2022 17:36:43.728 [12644:1960:0718/173643.727:ERROR:gpu_process_host.cc(975)] GPU process exited unexpectedly: exit_code=1
7월 18, 2022 17:37:02.611 [12644:1960:0718/173702.611:ERROR:gpu_process_host.cc(975)] GPU process exited unexpectedly: exit_code=1

7월 19, 2022 10:35:23.71 NEW SESSION
7월 19, 2022 10:35:23.71 [4232:12944:0719/103523.070:ERROR:device_event_log_impl.cc(214)] [10:35:23.070] Bluetooth: bluetooth_adapter_winrt.cc:1074 Getting Default Adapter failed.
7월 19, 2022 10:44:21.504 [1908:8944:0719/104421.504:ERROR:device_event_log_impl.cc(214)] [10:44:21.504] Bluetooth: bluetooth_adapter_winrt.cc:1074 Getting Default Adapter failed.

7월 19, 2022 10:48:48.592 NEW SESSION
7월 19, 2022 10:48:48.592 [8832:10888:0719/104848.591:ERROR:block_files.cc(454)] Invalid file version or magic C:\Users\Administrator\AppData\Local\Google\Chrome\User Data\Default\GPUCache\data_3
7월 19, 2022 10:48:50.798 [8832:3964:0719/104850.798:ERROR:device_event_log_impl.cc(214)] [10:48:50.798] Bluetooth: bluetooth_adapter_winrt.cc:1074 Getting Default Adapter failed.
7월 19, 2022 10:49:32.87 [3464:11792:0719/104932.087:ERROR:device_event_log_impl.cc(214)] [10:49:32.087] Bluetooth: bluetooth_adapter_winrt.cc:1074 Getting Default Adapter failed.
7월 19, 2022 10:57:52.646 [652:5048:0719/105752.646:ERROR:device_event_log_impl.cc(214)] [10:57:52.646] Bluetooth: bluetooth_adapter_winrt.cc:1074 Getting Default Adapter failed.
7월 19, 2022 11:01:12.621 [2524:13248:0719/110112.620:ERROR:device_event_log_impl.cc(214)] [11:01:12.621] Bluetooth: bluetooth_adapter_winrt.cc:1074 Getting Default Adapter failed.
7월 19, 2022 11:01:28.440 [8328:7792:0719/110128.440:ERROR:device_event_log_impl.cc(214)] [11:01:28.439] Bluetooth: bluetooth_adapter_winrt.cc:1074 Getting Default Adapter failed.
7월 19, 2022 11:03:51.415 [3956:8340:0719/110351.415:ERROR:device_event_log_impl.cc(214)] [11:03:51.415] Bluetooth: bluetooth_adapter_winrt.cc:1074 Getting Default Adapter failed.
7월 19, 2022 11:05:20.631 [8640:652:0719/110520.630:ERROR:device_event_log_impl.cc(214)] [11:05:20.630] Bluetooth: bluetooth_adapter_winrt.cc:1074 Getting Default Adapter failed.
7월 19, 2022 11:06:16.699 [12428:10192:0719/110616.699:ERROR:device_event_log_impl.cc(214)] [11:06:16.699] Bluetooth: bluetooth_adapter_winrt.cc:1074 Getting Default Adapter failed.
7월 19, 2022 11:57:53.497 [12196:12556:0719/115753.497:ERROR:device_event_log_impl.cc(214)] [11:57:53.497] Bluetooth: bluetooth_adapter_winrt.cc:1074 Getting Default Adapter failed.

7월 19, 2022 12:45:41.381 NEW SESSION
7월 19, 2022 12:45:41.381 [6056:10048:0719/124541.381:ERROR:device_event_log_impl.cc(214)] [12:45:41.380] Bluetooth: bluetooth_adapter_winrt.cc:1074 Getting Default Adapter failed.
7월 19, 2022 12:45:48.696 [8440:8300:0719/124548.696:ERROR:device_event_log_impl.cc(214)] [12:45:48.696] Bluetooth: bluetooth_adapter_winrt.cc:1074 Getting Default Adapter failed.
7월 19, 2022 14:12:48.305 [8976:8504:0719/141248.304:ERROR:device_event_log_impl.cc(214)] [14:12:48.304] Bluetooth: bluetooth_adapter_winrt.cc:1074 Getting Default Adapter failed.
7월 19, 2022 14:16:39.330 [3496:12456:0719/141639.329:ERROR:device_event_log_impl.cc(214)] [14:16:39.329] Bluetooth: bluetooth_adapter_winrt.cc:1074 Getting Default Adapter failed.
7월 19, 2022 14:18:33.902 [8040:7112:0719/141833.901:ERROR:device_event_log_impl.cc(214)] [14:18:33.901] Bluetooth: bluetooth_adapter_winrt.cc:1074 Getting Default Adapter failed.
7월 19, 2022 14:18:44.978 [10852:11440:0719/141844.978:ERROR:device_event_log_impl.cc(214)] [14:18:44.978] Bluetooth: bluetooth_adapter_winrt.cc:1074 Getting Default Adapter failed.
7월 19, 2022 14:21:04.282 [8176:12136:0719/142104.282:ERROR:device_event_log_impl.cc(214)] [14:21:04.282] Bluetooth: bluetooth_adapter_winrt.cc:1074 Getting Default Adapter failed.
7월 19, 2022 14:26:34.850 [10336:12100:0719/142634.850:ERROR:device_event_log_impl.cc(214)] [14:26:34.850] Bluetooth: bluetooth_adapter_winrt.cc:1074 Getting Default Adapter failed.

7월 19, 2022 14:29:32.255 NEW SESSION
7월 19, 2022 14:29:32.255 [7720:9196:0719/142932.254:ERROR:device_event_log_impl.cc(214)] [14:29:32.254] Bluetooth: bluetooth_adapter_winrt.cc:1074 Getting Default Adapter failed.
7월 19, 2022 14:30:12.95 [2184:4692:0719/143012.095:ERROR:device_event_log_impl.cc(214)] [14:30:12.095] Bluetooth: bluetooth_adapter_winrt.cc:1074 Getting Default Adapter failed.

7월 19, 2022 14:31:27.704 NEW SESSION
7월 19, 2022 14:31:27.704 [11012:4996:0719/143127.703:ERROR:device_event_log_impl.cc(214)] [14:31:27.704] Bluetooth: bluetooth_adapter_winrt.cc:1074 Getting Default Adapter failed.
7월 19, 2022 14:36:56.820 [12384:3980:0719/143656.820:ERROR:device_event_log_impl.cc(214)] [14:36:56.819] Bluetooth: bluetooth_adapter_winrt.cc:1074 Getting Default Adapter failed.
7월 19, 2022 14:37:11.907 [3216:1984:0719/143711.907:ERROR:device_event_log_impl.cc(214)] [14:37:11.906] Bluetooth: bluetooth_adapter_winrt.cc:1074 Getting Default Adapter failed.

7월 19, 2022 14:43:24.295 NEW SESSION
7월 19, 2022 14:43:24.295 [9684:10176:0719/144324.295:ERROR:device_event_log_impl.cc(214)] [14:43:24.295] Bluetooth: bluetooth_adapter_winrt.cc:1074 Getting Default Adapter failed.
7월 19, 2022 14:45:39.649 [10872:4460:0719/144539.649:ERROR:device_event_log_impl.cc(214)] [14:45:39.649] Bluetooth: bluetooth_adapter_winrt.cc:1074 Getting Default Adapter failed.
7월 19, 2022 14:47:01.109 [8388:12776:0719/144701.109:ERROR:device_event_log_impl.cc(214)] [14:47:01.108] Bluetooth: bluetooth_adapter_winrt.cc:1074 Getting Default Adapter failed.
7월 19, 2022 14:55:24.863 [12572:11452:0719/145524.863:ERROR:device_event_log_impl.cc(214)] [14:55:24.863] Bluetooth: bluetooth_adapter_winrt.cc:1074 Getting Default Adapter failed.
7월 19, 2022 14:55:52.889 [9368:11564:0719/145552.888:ERROR:device_event_log_impl.cc(214)] [14:55:52.888] Bluetooth: bluetooth_adapter_winrt.cc:1074 Getting Default Adapter failed.

7월 19, 2022 15:45:51.738 NEW SESSION
7월 19, 2022 15:45:51.738 [8736:4460:0719/154551.737:ERROR:device_event_log_impl.cc(214)] [15:45:51.737] Bluetooth: bluetooth_adapter_winrt.cc:1074 Getting Default Adapter failed.
7월 19, 2022 15:48:45.252 [8736:4460:0719/154845.252:ERROR:network_service_instance_impl.cc(474)] Network service crashed, restarting service.
7월 19, 2022 16:25:33.227 [10600:10640:0719/162533.227:ERROR:device_event_log_impl.cc(214)] [16:25:33.227] Bluetooth: bluetooth_adapter_winrt.cc:1074 Getting Default Adapter failed.
7월 19, 2022 16:26:06.716 [8252:1704:0719/162606.716:ERROR:device_event_log_impl.cc(214)] [16:26:06.716] Bluetooth: bluetooth_adapter_winrt.cc:1074 Getting Default Adapter failed.

7월 20, 2022 09:48:09.22 NEW SESSION
7월 20, 2022 09:48:09.22 [4116:8680:0720/094809.022:ERROR:device_event_log_impl.cc(214)] [09:48:09.021] Bluetooth: bluetooth_adapter_winrt.cc:1074 Getting Default Adapter failed.
7월 20, 2022 09:49:05.447 [6384:11888:0720/094905.447:ERROR:device_event_log_impl.cc(214)] [09:49:05.447] Bluetooth: bluetooth_adapter_winrt.cc:1074 Getting Default Adapter failed.
7월 20, 2022 09:50:13.800 [6564:4140:0720/095013.800:ERROR:device_event_log_impl.cc(214)] [09:50:13.800] Bluetooth: bluetooth_adapter_winrt.cc:1074 Getting Default Adapter failed.
7월 20, 2022 09:50:19.921 [11380:11832:0720/095019.921:ERROR:device_event_log_impl.cc(214)] [09:50:19.921] Bluetooth: bluetooth_adapter_winrt.cc:1074 Getting Default Adapter failed.
7월 20, 2022 09:50:36.856 [6796:8348:0720/095036.856:ERROR:device_event_log_impl.cc(214)] [09:50:36.855] Bluetooth: bluetooth_adapter_winrt.cc:1074 Getting Default Adapter failed.
7월 20, 2022 09:50:54.375 [3552:6472:0720/095054.374:ERROR:device_event_log_impl.cc(214)] [09:50:54.374] Bluetooth: bluetooth_adapter_winrt.cc:1074 Getting Default Adapter failed.
7월 20, 2022 09:52:02.145 [6404:8680:0720/095202.145:ERROR:device_event_log_impl.cc(214)] [09:52:02.145] Bluetooth: bluetooth_adapter_winrt.cc:1074 Getting Default Adapter failed.
7월 20, 2022 10:26:53.414 [10912:12140:0720/102653.414:ERROR:device_event_log_impl.cc(214)] [10:26:53.413] Bluetooth: bluetooth_adapter_winrt.cc:1074 Getting Default Adapter failed.
7월 20, 2022 10:35:23.574 [9852:2160:0720/103523.574:ERROR:device_event_log_impl.cc(214)] [10:35:23.574] Bluetooth: bluetooth_adapter_winrt.cc:1074 Getting Default Adapter failed.
7월 20, 2022 10:36:01.459 [11748:2316:0720/103601.459:ERROR:device_event_log_impl.cc(214)] [10:36:01.459] Bluetooth: bluetooth_adapter_winrt.cc:1074 Getting Default Adapter failed.
7월 20, 2022 10:37:02.299 [8684:9292:0720/103702.299:ERROR:device_event_log_impl.cc(214)] [10:37:02.299] Bluetooth: bluetooth_adapter_winrt.cc:1074 Getting Default Adapter failed.
7월 20, 2022 10:38:19.199 [4548:2948:0720/103819.199:ERROR:device_event_log_impl.cc(214)] [10:38:19.199] Bluetooth: bluetooth_adapter_winrt.cc:1074 Getting Default Adapter failed.
7월 20, 2022 10:38:42.564 [8324:2132:0720/103842.564:ERROR:device_event_log_impl.cc(214)] [10:38:42.564] Bluetooth: bluetooth_adapter_winrt.cc:1074 Getting Default Adapter failed.
7월 20, 2022 10:41:31.289 [156:2360:0720/104131.289:ERROR:device_event_log_impl.cc(214)] [10:41:31.288] Bluetooth: bluetooth_adapter_winrt.cc:1074 Getting Default Adapter failed.
7월 20, 2022 10:41:57.315 [9276:9948:0720/104157.315:ERROR:device_event_log_impl.cc(214)] [10:41:57.315] Bluetooth: bluetooth_adapter_winrt.cc:1074 Getting Default Adapter failed.
7월 20, 2022 10:53:18.286 [2108:9948:0720/105318.286:ERROR:device_event_log_impl.cc(214)] [10:53:18.286] Bluetooth: bluetooth_adapter_winrt.cc:1074 Getting Default Adapter failed.
7월 20, 2022 10:56:09.720 [5708:9556:0720/105609.720:ERROR:device_event_log_impl.cc(214)] [10:56:09.720] Bluetooth: bluetooth_adapter_winrt.cc:1074 Getting Default Adapter failed.
7월 20, 2022 10:56:20.960 [3808:3232:0720/105620.959:ERROR:device_event_log_impl.cc(214)] [10:56:20.959] Bluetooth: bluetooth_adapter_winrt.cc:1074 Getting Default Adapter failed.

7월 20, 2022 10:58:28.59 NEW SESSION
7월 20, 2022 10:58:28.59 [11904:7424:0720/105828.059:ERROR:device_event_log_impl.cc(214)] [10:58:28.059] Bluetooth: bluetooth_adapter_winrt.cc:1074 Getting Default Adapter failed.
7월 20, 2022 11:00:42.25 [10360:3480:0720/110042.025:ERROR:device_event_log_impl.cc(214)] [11:00:42.026] Bluetooth: bluetooth_adapter_winrt.cc:1074 Getting Default Adapter failed.
7월 20, 2022 11:08:19.80 [3452:9676:0720/110819.079:ERROR:device_event_log_impl.cc(214)] [11:08:19.079] Bluetooth: bluetooth_adapter_winrt.cc:1074 Getting Default Adapter failed.
7월 20, 2022 11:08:25.268 [4760:5276:0720/110825.268:ERROR:device_event_log_impl.cc(214)] [11:08:25.269] Bluetooth: bluetooth_adapter_winrt.cc:1074 Getting Default Adapter failed.
7월 20, 2022 11:09:36.488 [3212:8936:0720/110936.487:ERROR:device_event_log_impl.cc(214)] [11:09:36.487] Bluetooth: bluetooth_adapter_winrt.cc:1074 Getting Default Adapter failed.
7월 20, 2022 11:48:24.667 [1640:8444:0720/114824.666:ERROR:device_event_log_impl.cc(214)] [11:48:24.666] Bluetooth: bluetooth_adapter_winrt.cc:1074 Getting Default Adapter failed.
7월 20, 2022 11:49:03.354 [11032:6208:0720/114903.354:ERROR:device_event_log_impl.cc(214)] [11:49:03.354] Bluetooth: bluetooth_adapter_winrt.cc:1074 Getting Default Adapter failed.
7월 20, 2022 11:49:37.555 [6600:6280:0720/114937.555:ERROR:device_event_log_impl.cc(214)] [11:49:37.556] Bluetooth: bluetooth_adapter_winrt.cc:1074 Getting Default Adapter failed.
7월 20, 2022 11:56:29.577 [6196:9300:0720/115629.577:ERROR:device_event_log_impl.cc(214)] [11:56:29.577] Bluetooth: bluetooth_adapter_winrt.cc:1074 Getting Default Adapter failed.
7월 20, 2022 12:36:20.80 [2852:8148:0720/123620.079:ERROR:device_event_log_impl.cc(214)] [12:36:20.079] Bluetooth: bluetooth_adapter_winrt.cc:1074 Getting Default Adapter failed.
7월 20, 2022 12:37:20.887 [5244:888:0720/123720.886:ERROR:device_event_log_impl.cc(214)] [12:37:20.886] Bluetooth: bluetooth_adapter_winrt.cc:1074 Getting Default Adapter failed.
7월 20, 2022 12:39:32.849 [7132:8696:0720/123932.848:ERROR:device_event_log_impl.cc(214)] [12:39:32.848] Bluetooth: bluetooth_adapter_winrt.cc:1074 Getting Default Adapter failed.
7월 20, 2022 12:41:49.532 [3660:9840:0720/124149.531:ERROR:device_event_log_impl.cc(214)] [12:41:49.532] Bluetooth: bluetooth_adapter_winrt.cc:1074 Getting Default Adapter failed.
7월 20, 2022 12:49:33.309 [9520:2328:0720/124933.309:ERROR:device_event_log_impl.cc(214)] [12:49:33.308] Bluetooth: bluetooth_adapter_winrt.cc:1074 Getting Default Adapter failed.
7월 20, 2022 12:56:45.647 [11892:8488:0720/125645.647:ERROR:device_event_log_impl.cc(214)] [12:56:45.647] Bluetooth: bluetooth_adapter_winrt.cc:1074 Getting Default Adapter failed.
7월 20, 2022 14:23:34.253 [2668:692:0720/142334.252:ERROR:device_event_log_impl.cc(214)] [14:23:34.252] Bluetooth: bluetooth_adapter_winrt.cc:1074 Getting Default Adapter failed.

7월 20, 2022 14:25:28.844 NEW SESSION
7월 20, 2022 14:25:28.844 [6520:5116:0720/142528.843:ERROR:device_event_log_impl.cc(214)] [14:25:28.843] Bluetooth: bluetooth_adapter_winrt.cc:1074 Getting Default Adapter failed.
7월 20, 2022 15:36:11.591 [3892:5148:0720/153611.591:ERROR:device_event_log_impl.cc(214)] [15:36:11.591] Bluetooth: bluetooth_adapter_winrt.cc:1074 Getting Default Adapter failed.
7월 20, 2022 15:39:39.190 [9368:10704:0720/153939.190:ERROR:device_event_log_impl.cc(214)] [15:39:39.191] Bluetooth: bluetooth_adapter_winrt.cc:1074 Getting Default Adapter failed.

7월 20, 2022 15:40:18.353 NEW SESSION
7월 20, 2022 15:40:18.353 [9116:3684:0720/154018.352:ERROR:device_event_log_impl.cc(214)] [15:40:18.353] Bluetooth: bluetooth_adapter_winrt.cc:1074 Getting Default Adapter failed.
7월 20, 2022 15:40:36.520 [884:12156:0720/154036.520:ERROR:device_event_log_impl.cc(214)] [15:40:36.520] Bluetooth: bluetooth_adapter_winrt.cc:1074 Getting Default Adapter failed.
7월 20, 2022 15:42:15.784 [524:2524:0720/154215.784:ERROR:device_event_log_impl.cc(214)] [15:42:15.784] Bluetooth: bluetooth_adapter_winrt.cc:1074 Getting Default Adapter failed.
7월 20, 2022 15:49:24.99 [9124:6568:0720/154924.099:ERROR:device_event_log_impl.cc(214)] [15:49:24.098] Bluetooth: bluetooth_adapter_winrt.cc:1074 Getting Default Adapter failed.
7월 20, 2022 15:50:00.437 [7208:10708:0720/155000.437:ERROR:device_event_log_impl.cc(214)] [15:50:00.436] Bluetooth: bluetooth_adapter_winrt.cc:1074 Getting Default Adapter failed.
7월 20, 2022 15:52:48.203 [10716:9820:0720/155248.202:ERROR:device_event_log_impl.cc(214)] [15:52:48.203] Bluetooth: bluetooth_adapter_winrt.cc:1074 Getting Default Adapter failed.
7월 20, 2022 16:30:31.583 [3876:8348:0720/163031.583:ERROR:device_event_log_impl.cc(214)] [16:30:31.583] Bluetooth: bluetooth_adapter_winrt.cc:1074 Getting Default Adapter failed.
7월 20, 2022 16:31:16.780 [8712:10168:0720/163116.780:ERROR:device_event_log_impl.cc(214)] [16:31:16.779] Bluetooth: bluetooth_adapter_winrt.cc:1074 Getting Default Adapter failed.
7월 20, 2022 16:40:31.540 [6036:9256:0720/164031.540:ERROR:device_event_log_impl.cc(214)] [16:40:31.540] Bluetooth: bluetooth_adapter_winrt.cc:1074 Getting Default Adapter failed.
7월 20, 2022 16:44:53.470 [6088:4824:0720/164453.470:ERROR:device_event_log_impl.cc(214)] [16:44:53.470] Bluetooth: bluetooth_adapter_winrt.cc:1074 Getting Default Adapter failed.
7월 20, 2022 17:32:45.617 [6088:4824:0720/173245.617:ERROR:interface_endpoint_client.cc(665)] Message 0 rejected by interface blink.mojom.WidgetHost

7월 21, 2022 10:39:13.257 NEW SESSION
7월 21, 2022 10:39:13.257 [2068:8660:0721/103913.257:ERROR:device_event_log_impl.cc(214)] [10:39:13.257] Bluetooth: bluetooth_adapter_winrt.cc:1074 Getting Default Adapter failed.
7월 21, 2022 10:43:13.39 [10528:8424:0721/104313.039:ERROR:device_event_log_impl.cc(214)] [10:43:13.040] Bluetooth: bluetooth_adapter_winrt.cc:1074 Getting Default Adapter failed.
7월 21, 2022 10:46:04.796 [1208:2284:0721/104604.796:ERROR:device_event_log_impl.cc(214)] [10:46:04.796] Bluetooth: bluetooth_adapter_winrt.cc:1074 Getting Default Adapter failed.
7월 21, 2022 10:48:06.81 [1960:3584:0721/104806.081:ERROR:device_event_log_impl.cc(214)] [10:48:06.081] Bluetooth: bluetooth_adapter_winrt.cc:1074 Getting Default Adapter failed.
7월 21, 2022 10:51:07.956 [8556:1260:0721/105107.955:ERROR:device_event_log_impl.cc(214)] [10:51:07.956] Bluetooth: bluetooth_adapter_winrt.cc:1074 Getting Default Adapter failed.
7월 21, 2022 10:53:54.732 [8712:1640:0721/105354.732:ERROR:gpu_process_host.cc(975)] GPU process exited unexpectedly: exit_code=1
7월 21, 2022 12:03:04.299 [10484:7220:0721/120304.299:ERROR:device_event_log_impl.cc(214)] [12:03:04.299] Bluetooth: bluetooth_adapter_winrt.cc:1074 Getting Default Adapter failed.
7월 21, 2022 12:05:01.365 [9304:5460:0721/120501.365:ERROR:gpu_process_host.cc(975)] GPU process exited unexpectedly: exit_code=1
7월 21, 2022 12:05:02.911 [9304:5460:0721/120502.911:ERROR:gpu_process_host.cc(975)] GPU process exited unexpectedly: exit_code=1

7월 21, 2022 12:05:32.687 NEW SESSION
7월 21, 2022 12:05:32.687 [4320:11256:0721/120532.686:ERROR:device_event_log_impl.cc(214)] [12:05:32.686] Bluetooth: bluetooth_adapter_winrt.cc:1074 Getting Default Adapter failed.
7월 21, 2022 12:36:09.372 [6440:1252:0721/123609.372:ERROR:device_event_log_impl.cc(214)] [12:36:09.372] Bluetooth: bluetooth_adapter_winrt.cc:1074 Getting Default Adapter failed.
7월 21, 2022 14:15:28.904 [11180:10828:0721/141528.904:ERROR:device_event_log_impl.cc(214)] [14:15:28.905] Bluetooth: bluetooth_adapter_winrt.cc:1074 Getting Default Adapter failed.
7월 21, 2022 14:16:12.641 [7292:8120:0721/141612.641:ERROR:device_event_log_impl.cc(214)] [14:16:12.641] Bluetooth: bluetooth_adapter_winrt.cc:1074 Getting Default Adapter failed.
7월 21, 2022 14:18:23.840 [7428:5444:0721/141823.840:ERROR:device_event_log_impl.cc(214)] [14:18:23.840] Bluetooth: bluetooth_adapter_winrt.cc:1074 Getting Default Adapter failed.
7월 21, 2022 14:19:33.552 [10408:868:0721/141933.552:ERROR:device_event_log_impl.cc(214)] [14:19:33.553] Bluetooth: bluetooth_adapter_winrt.cc:1074 Getting Default Adapter failed.
7월 21, 2022 14:59:35.234 [10348:8440:0721/145935.234:ERROR:device_event_log_impl.cc(214)] [14:59:35.234] Bluetooth: bluetooth_adapter_winrt.cc:1074 Getting Default Adapter failed.
7월 21, 2022 15:01:51.185 [11716:7148:0721/150151.185:ERROR:device_event_log_impl.cc(214)] [15:01:51.185] Bluetooth: bluetooth_adapter_winrt.cc:1074 Getting Default Adapter failed.
7월 21, 2022 15:07:09.899 [12064:3348:0721/150709.899:ERROR:device_event_log_impl.cc(214)] [15:07:09.900] Bluetooth: bluetooth_adapter_winrt.cc:1074 Getting Default Adapter failed.
7월 21, 2022 15:40:06.551 [3908:8160:0721/154006.551:ERROR:device_event_log_impl.cc(214)] [15:40:06.551] Bluetooth: bluetooth_adapter_winrt.cc:1074 Getting Default Adapter failed.
7월 21, 2022 15:48:36.346 [7704:8984:0721/154836.346:ERROR:device_event_log_impl.cc(214)] [15:48:36.347] Bluetooth: bluetooth_adapter_winrt.cc:1074 Getting Default Adapter failed.
7월 21, 2022 15:51:40.18 [8940:10164:0721/155140.018:ERROR:device_event_log_impl.cc(214)] [15:51:40.018] Bluetooth: bluetooth_adapter_winrt.cc:1074 Getting Default Adapter failed.
7월 21, 2022 15:52:10.871 [8052:8976:0721/155210.871:ERROR:device_event_log_impl.cc(214)] [15:52:10.871] Bluetooth: bluetooth_adapter_winrt.cc:1074 Getting Default Adapter failed.
7월 21, 2022 15:52:43.220 [11720:11744:0721/155243.220:ERROR:device_event_log_impl.cc(214)] [15:52:43.220] Bluetooth: bluetooth_adapter_winrt.cc:1074 Getting Default Adapter failed.
7월 21, 2022 15:53:21.523 [6260:8416:0721/155321.523:ERROR:device_event_log_impl.cc(214)] [15:53:21.523] Bluetooth: bluetooth_adapter_winrt.cc:1074 Getting Default Adapter failed.
7월 21, 2022 15:54:23.593 [7984:1396:0721/155423.593:ERROR:device_event_log_impl.cc(214)] [15:54:23.593] Bluetooth: bluetooth_adapter_winrt.cc:1074 Getting Default Adapter failed.

7월 21, 2022 16:27:18.230 NEW SESSION
7월 21, 2022 16:27:18.230 [4152:11220:0721/162718.229:ERROR:device_event_log_impl.cc(214)] [16:27:18.228] Bluetooth: bluetooth_adapter_winrt.cc:1074 Getting Default Adapter failed.

7월 21, 2022 16:30:35.399 NEW SESSION
7월 21, 2022 16:30:35.400 [4220:10100:0721/163035.399:ERROR:device_event_log_impl.cc(214)] [16:30:35.399] Bluetooth: bluetooth_adapter_winrt.cc:1074 Getting Default Adapter failed.
7월 21, 2022 16:50:13.933 [32:1380:0721/165013.933:ERROR:device_event_log_impl.cc(214)] [16:50:13.933] Bluetooth: bluetooth_adapter_winrt.cc:1074 Getting Default Adapter failed.
7월 21, 2022 16:53:36.87 [5080:9756:0721/165336.087:ERROR:device_event_log_impl.cc(214)] [16:53:36.087] Bluetooth: bluetooth_adapter_winrt.cc:1074 Getting Default Adapter failed.
7월 21, 2022 16:53:56.983 [11932:2340:0721/165356.983:ERROR:device_event_log_impl.cc(214)] [16:53:56.982] Bluetooth: bluetooth_adapter_winrt.cc:1074 Getting Default Adapter failed.

7월 21, 2022 17:14:39.235 NEW SESSION
7월 21, 2022 17:14:39.235 [10720:10164:0721/171439.234:ERROR:device_event_log_impl.cc(214)] [17:14:39.234] Bluetooth: bluetooth_adapter_winrt.cc:1074 Getting Default Adapter failed.
7월 21, 2022 17:28:11.377 [8588:7924:0721/172811.377:ERROR:device_event_log_impl.cc(214)] [17:28:11.377] Bluetooth: bluetooth_adapter_winrt.cc:1074 Getting Default Adapter failed.
7월 21, 2022 17:31:58.230 [12272:4012:0721/173158.230:ERROR:device_event_log_impl.cc(214)] [17:31:58.230] Bluetooth: bluetooth_adapter_winrt.cc:1074 Getting Default Adapter failed.

7월 22, 2022 09:51:35.232 NEW SESSION
7월 22, 2022 09:51:35.232 [5620:9936:0722/095135.232:ERROR:device_event_log_impl.cc(214)] [09:51:35.231] Bluetooth: bluetooth_adapter_winrt.cc:1074 Getting Default Adapter failed.
7월 22, 2022 09:52:01.502 [9548:5044:0722/095201.502:ERROR:device_event_log_impl.cc(214)] [09:52:01.503] Bluetooth: bluetooth_adapter_winrt.cc:1074 Getting Default Adapter failed.
7월 22, 2022 09:52:18.232 [11660:4640:0722/095218.232:ERROR:device_event_log_impl.cc(214)] [09:52:18.232] Bluetooth: bluetooth_adapter_winrt.cc:1074 Getting Default Adapter failed.
7월 22, 2022 09:53:31.665 [4012:2708:0722/095331.664:ERROR:device_event_log_impl.cc(214)] [09:53:31.664] Bluetooth: bluetooth_adapter_winrt.cc:1074 Getting Default Adapter failed.
7월 22, 2022 10:41:44.823 [7200:2200:0722/104144.823:ERROR:device_event_log_impl.cc(214)] [10:41:44.822] Bluetooth: bluetooth_adapter_winrt.cc:1074 Getting Default Adapter failed.

7월 22, 2022 10:52:37.362 NEW SESSION
7월 22, 2022 10:52:37.362 [11076:11420:0722/105237.361:ERROR:device_event_log_impl.cc(214)] [10:52:37.361] Bluetooth: bluetooth_adapter_winrt.cc:1074 Getting Default Adapter failed.
7월 22, 2022 11:11:40.312 [2128:8212:0722/111140.311:ERROR:device_event_log_impl.cc(214)] [11:11:40.311] Bluetooth: bluetooth_adapter_winrt.cc:1074 Getting Default Adapter failed.
7월 22, 2022 11:35:11.575 [2660:11920:0722/113511.575:ERROR:device_event_log_impl.cc(214)] [11:35:11.575] Bluetooth: bluetooth_adapter_winrt.cc:1074 Getting Default Adapter failed.
7월 22, 2022 11:36:14.187 [5632:9936:0722/113614.186:ERROR:device_event_log_impl.cc(214)] [11:36:14.186] Bluetooth: bluetooth_adapter_winrt.cc:1074 Getting Default Adapter failed.

7월 22, 2022 14:20:55.261 NEW SESSION
7월 22, 2022 14:20:55.261 [3536:3712:0722/142055.260:ERROR:device_event_log_impl.cc(214)] [14:20:55.260] Bluetooth: bluetooth_adapter_winrt.cc:1074 Getting Default Adapter failed.
7월 22, 2022 14:21:04.919 [10972:8628:0722/142104.919:ERROR:device_event_log_impl.cc(214)] [14:21:04.919] Bluetooth: bluetooth_adapter_winrt.cc:1074 Getting Default Adapter failed.
7월 22, 2022 14:21:51.874 [324:1432:0722/142151.874:ERROR:device_event_log_impl.cc(214)] [14:21:51.874] Bluetooth: bluetooth_adapter_winrt.cc:1074 Getting Default Adapter failed.
7월 22, 2022 14:23:20.520 [9444:4240:0722/142320.520:ERROR:device_event_log_impl.cc(214)] [14:23:20.520] Bluetooth: bluetooth_adapter_winrt.cc:1074 Getting Default Adapter failed.
7월 22, 2022 15:35:31.859 [2596:1484:0722/153531.858:ERROR:device_event_log_impl.cc(214)] [15:35:31.858] Bluetooth: bluetooth_adapter_winrt.cc:1074 Getting Default Adapter failed.
7월 22, 2022 15:35:50.252 [9512:2352:0722/153550.252:ERROR:device_event_log_impl.cc(214)] [15:35:50.252] Bluetooth: bluetooth_adapter_winrt.cc:1074 Getting Default Adapter failed.
7월 22, 2022 17:19:16.698 [4768:10920:0722/171916.698:ERROR:device_event_log_impl.cc(214)] [17:19:16.699] Bluetooth: bluetooth_adapter_winrt.cc:1074 Getting Default Adapter failed.
7월 22, 2022 17:24:42.361 [1480:4828:0722/172442.360:ERROR:device_event_log_impl.cc(214)] [17:24:42.361] Bluetooth: bluetooth_adapter_winrt.cc:1074 Getting Default Adapter failed.

7월 25, 2022 10:07:19.618 NEW SESSION
7월 25, 2022 10:07:19.618 [9432:520:0725/100719.617:ERROR:device_event_log_impl.cc(214)] [10:07:19.618] Bluetooth: bluetooth_adapter_winrt.cc:1074 Getting Default Adapter failed.

7월 25, 2022 11:09:08.22 NEW SESSION
7월 25, 2022 11:09:08.22 [6568:12764:0725/110908.021:ERROR:device_event_log_impl.cc(214)] [11:09:08.022] Bluetooth: bluetooth_adapter_winrt.cc:1074 Getting Default Adapter failed.
7월 25, 2022 12:04:21.292 [1224:7256:0725/120421.292:ERROR:device_event_log_impl.cc(214)] [12:04:21.293] Bluetooth: bluetooth_adapter_winrt.cc:1074 Getting Default Adapter failed.
7월 25, 2022 12:07:23.656 [7388:12700:0725/120723.655:ERROR:device_event_log_impl.cc(214)] [12:07:23.655] Bluetooth: bluetooth_adapter_winrt.cc:1074 Getting Default Adapter failed.
7월 25, 2022 12:07:36.456 [12588:3176:0725/120736.456:ERROR:device_event_log_impl.cc(214)] [12:07:36.456] Bluetooth: bluetooth_adapter_winrt.cc:1074 Getting Default Adapter failed.

7월 25, 2022 12:40:12.249 NEW SESSION
7월 25, 2022 12:40:12.250 [2100:4988:0725/124012.249:ERROR:device_event_log_impl.cc(214)] [12:40:12.249] Bluetooth: bluetooth_adapter_winrt.cc:1074 Getting Default Adapter failed.

7월 25, 2022 12:53:21.699 NEW SESSION
7월 25, 2022 12:53:21.699 [4440:7708:0725/125321.698:ERROR:device_event_log_impl.cc(214)] [12:53:21.698] Bluetooth: bluetooth_adapter_winrt.cc:1074 Getting Default Adapter failed.
7월 25, 2022 12:53:52.183 [9832:10380:0725/125352.182:ERROR:device_event_log_impl.cc(214)] [12:53:52.183] Bluetooth: bluetooth_adapter_winrt.cc:1074 Getting Default Adapter failed.
7월 25, 2022 14:34:11.537 [4648:2100:0725/143411.536:ERROR:device_event_log_impl.cc(214)] [14:34:11.537] Bluetooth: bluetooth_adapter_winrt.cc:1074 Getting Default Adapter failed.

7월 25, 2022 15:57:20.783 NEW SESSION
7월 25, 2022 15:57:20.783 [3812:11536:0725/155720.782:ERROR:device_event_log_impl.cc(214)] [15:57:20.782] Bluetooth: bluetooth_adapter_winrt.cc:1074 Getting Default Adapter failed.
7월 25, 2022 15:57:36.227 [5360:12924:0725/155736.227:ERROR:device_event_log_impl.cc(214)] [15:57:36.227] Bluetooth: bluetooth_adapter_winrt.cc:1074 Getting Default Adapter failed.
7월 25, 2022 16:20:26.202 [1348:9836:0725/162026.202:ERROR:device_event_log_impl.cc(214)] [16:20:26.202] Bluetooth: bluetooth_adapter_winrt.cc:1074 Getting Default Adapter failed.
7월 25, 2022 16:38:16.787 [6608:11680:0725/163816.787:ERROR:device_event_log_impl.cc(214)] [16:38:16.787] Bluetooth: bluetooth_adapter_winrt.cc:1074 Getting Default Adapter failed.
7월 25, 2022 16:38:39.794 [10204:7812:0725/163839.794:ERROR:device_event_log_impl.cc(214)] [16:38:39.794] Bluetooth: bluetooth_adapter_winrt.cc:1074 Getting Default Adapter failed.
7월 25, 2022 16:40:51.712 [7268:12788:0725/164051.711:ERROR:device_event_log_impl.cc(214)] [16:40:51.712] Bluetooth: bluetooth_adapter_winrt.cc:1074 Getting Default Adapter failed.
7월 25, 2022 16:43:10.170 [4548:1272:0725/164310.169:ERROR:device_event_log_impl.cc(214)] [16:43:10.170] Bluetooth: bluetooth_adapter_winrt.cc:1074 Getting Default Adapter failed.
7월 25, 2022 16:43:24.912 [3380:3204:0725/164324.912:ERROR:device_event_log_impl.cc(214)] [16:43:24.911] Bluetooth: bluetooth_adapter_winrt.cc:1074 Getting Default Adapter failed.

7월 26, 2022 10:05:27.790 NEW SESSION
7월 26, 2022 10:05:27.790 [6572:1036:0726/100527.789:ERROR:gpu_process_host.cc(975)] GPU process exited unexpectedly: exit_code=1
7월 26, 2022 10:06:08.919 [6572:1036:0726/100608.919:ERROR:gpu_process_host.cc(975)] GPU process exited unexpectedly: exit_code=1

7월 26, 2022 11:54:53.444 NEW SESSION
7월 26, 2022 11:54:53.444 [12252:12620:0726/115453.443:ERROR:device_event_log_impl.cc(214)] [11:54:53.444] Bluetooth: bluetooth_adapter_winrt.cc:1074 Getting Default Adapter failed.
7월 26, 2022 12:51:43.614 [12252:12620:0726/125143.613:ERROR:interface_endpoint_client.cc(665)] Message 1 rejected by interface blink.mojom.WidgetHost

7월 27, 2022 15:24:45.950 NEW SESSION
7월 27, 2022 15:24:45.950 [2588:7932:0727/152445.949:ERROR:device_event_log_impl.cc(214)] [15:24:45.948] Bluetooth: bluetooth_adapter_winrt.cc:1074 Getting Default Adapter failed.

7월 28, 2022 09:52:43.407 NEW SESSION
7월 28, 2022 09:52:43.407 [1376:3032:0728/095243.406:ERROR:device_event_log_impl.cc(214)] [09:52:43.406] Bluetooth: bluetooth_adapter_winrt.cc:1074 Getting Default Adapter failed.
7월 28, 2022 09:55:12.339 [1376:3032:0728/095512.338:ERROR:interface_endpoint_client.cc(665)] Message 1 rejected by interface blink.mojom.WidgetHost
7월 28, 2022 09:56:35.00 [1376:3032:0728/095635.000:ERROR:interface_endpoint_client.cc(665)] Message 1 rejected by interface blink.mojom.WidgetHost
7월 28, 2022 10:00:00.808 [1376:3032:0728/100000.808:ERROR:interface_endpoint_client.cc(665)] Message 1 rejected by interface blink.mojom.WidgetHost
7월 28, 2022 14:31:43.912 [7504:1364:0728/143143.912:ERROR:device_event_log_impl.cc(214)] [14:31:43.911] Bluetooth: bluetooth_adapter_winrt.cc:1074 Getting Default Adapter failed.

7월 28, 2022 17:11:58.694 NEW SESSION
7월 28, 2022 17:11:58.694 [11348:2132:0728/171158.693:ERROR:device_event_log_impl.cc(214)] [17:11:58.693] Bluetooth: bluetooth_adapter_winrt.cc:1074 Getting Default Adapter failed.
7월 28, 2022 17:13:06.778 [13224:2984:0728/171306.778:ERROR:device_event_log_impl.cc(214)] [17:13:06.777] Bluetooth: bluetooth_adapter_winrt.cc:1074 Getting Default Adapter failed.

7월 29, 2022 19:24:18.516 NEW SESSION
7월 29, 2022 19:24:18.517 [10156:4112:0729/192418.516:ERROR:device_event_log_impl.cc(214)] [19:24:18.515] Bluetooth: bluetooth_adapter_winrt.cc:1074 Getting Default Adapter failed.

8월 04, 2022 14:24:19.235 NEW SESSION
8월 04, 2022 14:24:19.235 [12012:11588:0804/142419.234:ERROR:device_event_log_impl.cc(214)] [14:24:19.234] Bluetooth: bluetooth_adapter_winrt.cc:1074 Getting Default Adapter failed.
8월 04, 2022 14:24:44.258 [2764:1380:0804/142444.257:ERROR:device_event_log_impl.cc(214)] [14:24:44.257] Bluetooth: bluetooth_adapter_winrt.cc:1074 Getting Default Adapter failed.
8월 04, 2022 14:49:49.51 [3548:9564:0804/144949.051:ERROR:device_event_log_impl.cc(214)] [14:49:49.050] Bluetooth: bluetooth_adapter_winrt.cc:1074 Getting Default Adapter failed.
8월 04, 2022 14:50:12.586 [6964:6836:0804/145012.586:ERROR:device_event_log_impl.cc(214)] [14:50:12.585] Bluetooth: bluetooth_adapter_winrt.cc:1074 Getting Default Adapter failed.
8월 04, 2022 14:52:29.686 [3936:3460:0804/145229.686:ERROR:device_event_log_impl.cc(214)] [14:52:29.686] Bluetooth: bluetooth_adapter_winrt.cc:1074 Getting Default Adapter failed.
8월 04, 2022 14:53:01.893 [8588:5104:0804/145301.893:ERROR:device_event_log_impl.cc(214)] [14:53:01.893] Bluetooth: bluetooth_adapter_winrt.cc:1074 Getting Default Adapter failed.
8월 04, 2022 14:55:40.733 [6288:6516:0804/145540.733:ERROR:gpu_process_host.cc(975)] GPU process exited unexpectedly: exit_code=1
8월 04, 2022 14:56:14.538 [6288:6516:0804/145614.537:ERROR:gpu_process_host.cc(975)] GPU process exited unexpectedly: exit_code=1

8월 04, 2022 14:58:39.144 NEW SESSION
8월 04, 2022 14:58:39.144 [11860:9180:0804/145839.143:ERROR:device_event_log_impl.cc(214)] [14:58:39.144] Bluetooth: bluetooth_adapter_winrt.cc:1074 Getting Default Adapter failed.
8월 04, 2022 14:59:11.729 [9804:11880:0804/145911.728:ERROR:device_event_log_impl.cc(214)] [14:59:11.728] Bluetooth: bluetooth_adapter_winrt.cc:1074 Getting Default Adapter failed.

8월 08, 2022 12:23:45.72 NEW SESSION
8월 08, 2022 12:23:45.72 [9788:11308:0808/122345.071:ERROR:device_event_log_impl.cc(214)] [12:23:45.071] Bluetooth: bluetooth_adapter_winrt.cc:1074 Getting Default Adapter failed.

8월 08, 2022 14:58:33.992 NEW SESSION
8월 08, 2022 14:58:33.992 [9228:9620:0808/145833.991:ERROR:device_event_log_impl.cc(214)] [14:58:33.992] Bluetooth: bluetooth_adapter_winrt.cc:1074 Getting Default Adapter failed.

8월 09, 2022 10:17:04.103 NEW SESSION
8월 09, 2022 10:17:04.103 [1056:10136:0809/101704.102:ERROR:device_event_log_impl.cc(214)] [10:17:04.103] Bluetooth: bluetooth_adapter_winrt.cc:1074 Getting Default Adapter failed.
8월 09, 2022 10:36:17.554 [1056:10136:0809/103617.554:ERROR:interface_endpoint_client.cc(665)] Message 1 rejected by interface blink.mojom.WidgetHost
8월 09, 2022 10:43:29.811 [1056:10136:0809/104329.810:ERROR:interface_endpoint_client.cc(665)] Message 1 rejected by interface blink.mojom.WidgetHost
8월 09, 2022 10:54:17.58 [1056:10136:0809/105417.058:ERROR:interface_endpoint_client.cc(665)] Message 1 rejected by interface blink.mojom.WidgetHost
8월 09, 2022 10:55:14.173 [1056:10136:0809/105514.173:ERROR:interface_endpoint_client.cc(665)] Message 1 rejected by interface blink.mojom.WidgetHost
8월 09, 2022 11:08:03.622 [1056:10136:0809/110803.622:ERROR:interface_endpoint_client.cc(665)] Message 1 rejected by interface blink.mojom.WidgetHost
8월 09, 2022 11:58:45.531 [6088:6216:0809/115845.531:ERROR:device_event_log_impl.cc(214)] [11:58:45.531] Bluetooth: bluetooth_adapter_winrt.cc:1074 Getting Default Adapter failed.
8월 09, 2022 11:59:54.751 [6964:7352:0809/115954.751:ERROR:device_event_log_impl.cc(214)] [11:59:54.752] Bluetooth: bluetooth_adapter_winrt.cc:1074 Getting Default Adapter failed.
8월 09, 2022 17:37:50.143 [6668:8080:0809/173750.143:ERROR:device_event_log_impl.cc(214)] [17:37:50.143] Bluetooth: bluetooth_adapter_winrt.cc:1074 Getting Default Adapter failed.

8월 10, 2022 09:47:50.651 NEW SESSION
8월 10, 2022 09:47:50.651 [3576:13012:0810/094750.650:ERROR:device_event_log_impl.cc(214)] [09:47:50.650] Bluetooth: bluetooth_adapter_winrt.cc:1074 Getting Default Adapter failed.
8월 10, 2022 10:27:19.830 [3576:13012:0810/102719.830:ERROR:interface_endpoint_client.cc(665)] Message 1 rejected by interface blink.mojom.WidgetHost
8월 10, 2022 11:29:29.567 [14120:10784:0810/112929.567:ERROR:device_event_log_impl.cc(214)] [11:29:29.566] Bluetooth: bluetooth_adapter_winrt.cc:1074 Getting Default Adapter failed.
8월 10, 2022 16:14:21.830 [14120:10784:0810/161421.830:ERROR:interface_endpoint_client.cc(665)] Message 1 rejected by interface blink.mojom.WidgetHost

8월 11, 2022 09:37:24.505 NEW SESSION
8월 11, 2022 09:37:24.505 [2232:1952:0811/093724.504:ERROR:device_event_log_impl.cc(214)] [09:37:24.504] Bluetooth: bluetooth_adapter_winrt.cc:1074 Getting Default Adapter failed.
8월 11, 2022 10:44:00.877 [2232:1952:0811/104400.876:ERROR:interface_endpoint_client.cc(665)] Message 1 rejected by interface blink.mojom.WidgetHost

8월 11, 2022 14:27:12.49 NEW SESSION
8월 11, 2022 14:27:12.49 [7692:7468:0811/142712.048:ERROR:device_event_log_impl.cc(214)] [14:27:12.049] Bluetooth: bluetooth_adapter_winrt.cc:1074 Getting Default Adapter failed.

8월 13, 2022 10:16:06.919 NEW SESSION
8월 13, 2022 10:16:06.919 [10748:2272:0813/101606.918:ERROR:device_event_log_impl.cc(214)] [10:16:06.917] Bluetooth: bluetooth_adapter_winrt.cc:1074 Getting Default Adapter failed.
8월 13, 2022 10:19:42.491 [752:8168:0813/101942.491:ERROR:device_event_log_impl.cc(214)] [10:19:42.491] Bluetooth: bluetooth_adapter_winrt.cc:1074 Getting Default Adapter failed.
8월 13, 2022 10:21:00.810 [3432:3416:0813/102100.810:ERROR:device_event_log_impl.cc(214)] [10:21:00.810] Bluetooth: bluetooth_adapter_winrt.cc:1074 Getting Default Adapter failed.
8월 13, 2022 10:21:35.662 [5844:1404:0813/102135.662:ERROR:device_event_log_impl.cc(214)] [10:21:35.662] Bluetooth: bluetooth_adapter_winrt.cc:1074 Getting Default Adapter failed.
8월 13, 2022 10:21:42.145 [6688:3028:0813/102142.145:ERROR:device_event_log_impl.cc(214)] [10:21:42.145] Bluetooth: bluetooth_adapter_winrt.cc:1074 Getting Default Adapter failed.
8월 13, 2022 10:23:11.766 [2364:11860:0813/102311.766:ERROR:gpu_process_host.cc(965)] GPU process exited unexpectedly: exit_code=1

8월 16, 2022 11:04:23.192 NEW SESSION
8월 16, 2022 11:04:23.192 [2492:9820:0816/110423.191:ERROR:device_event_log_impl.cc(214)] [11:04:23.192] Bluetooth: bluetooth_adapter_winrt.cc:1074 Getting Default Adapter failed.

8월 16, 2022 13:04:23.300 NEW SESSION
8월 16, 2022 13:04:23.300 [6188:12284:0816/130423.299:ERROR:device_event_log_impl.cc(214)] [13:04:23.299] Bluetooth: bluetooth_adapter_winrt.cc:1074 Getting Default Adapter failed.
8월 16, 2022 13:06:43.759 [3496:3364:0816/130643.759:ERROR:device_event_log_impl.cc(214)] [13:06:43.759] Bluetooth: bluetooth_adapter_winrt.cc:1074 Getting Default Adapter failed.
8월 16, 2022 16:36:12.241 [8680:1240:0816/163612.241:ERROR:device_event_log_impl.cc(214)] [16:36:12.241] Bluetooth: bluetooth_adapter_winrt.cc:1074 Getting Default Adapter failed.

8월 17, 2022 11:08:58.175 NEW SESSION
8월 17, 2022 11:08:58.175 [9888:9852:0817/110858.175:ERROR:device_event_log_impl.cc(214)] [11:08:58.175] Bluetooth: bluetooth_adapter_winrt.cc:1074 Getting Default Adapter failed.
8월 17, 2022 14:13:10.790 [7860:5004:0817/141310.790:ERROR:device_event_log_impl.cc(214)] [14:13:10.789] Bluetooth: bluetooth_adapter_winrt.cc:1074 Getting Default Adapter failed.
8월 17, 2022 17:20:04.392 [7860:5004:0817/172004.392:ERROR:interface_endpoint_client.cc(665)] Message 1 rejected by interface blink.mojom.WidgetHost
8월 17, 2022 17:27:28.756 [5864:9372:0817/172728.756:ERROR:device_event_log_impl.cc(214)] [17:27:28.755] Bluetooth: bluetooth_adapter_winrt.cc:1074 Getting Default Adapter failed.
8월 17, 2022 17:44:38.767 [4840:3436:0817/174438.767:ERROR:device_event_log_impl.cc(214)] [17:44:38.767] Bluetooth: bluetooth_adapter_winrt.cc:1074 Getting Default Adapter failed.

8월 18, 2022 09:46:28.771 NEW SESSION
8월 18, 2022 09:46:28.771 [12228:3468:0818/094628.770:ERROR:device_event_log_impl.cc(214)] [09:46:28.770] Bluetooth: bluetooth_adapter_winrt.cc:1074 Getting Default Adapter failed.
8월 18, 2022 10:11:26.83 [2072:4748:0818/101126.083:ERROR:device_event_log_impl.cc(214)] [10:11:26.083] Bluetooth: bluetooth_adapter_winrt.cc:1074 Getting Default Adapter failed.
8월 18, 2022 10:11:36.344 [11856:3828:0818/101136.344:ERROR:device_event_log_impl.cc(214)] [10:11:36.343] Bluetooth: bluetooth_adapter_winrt.cc:1074 Getting Default Adapter failed.
8월 18, 2022 10:11:42.337 [6456:5260:0818/101142.337:ERROR:device_event_log_impl.cc(214)] [10:11:42.337] Bluetooth: bluetooth_adapter_winrt.cc:1074 Getting Default Adapter failed.
8월 18, 2022 10:12:38.53 [9600:920:0818/101238.053:ERROR:device_event_log_impl.cc(214)] [10:12:38.054] Bluetooth: bluetooth_adapter_winrt.cc:1074 Getting Default Adapter failed.
8월 18, 2022 10:12:57.724 [3904:3284:0818/101257.723:ERROR:device_event_log_impl.cc(214)] [10:12:57.724] Bluetooth: bluetooth_adapter_winrt.cc:1074 Getting Default Adapter failed.

8월 22, 2022 13:10:20.667 NEW SESSION
8월 22, 2022 13:10:20.667 [5408:3392:0822/131020.666:ERROR:device_event_log_impl.cc(214)] [13:10:20.667] Bluetooth: bluetooth_adapter_winrt.cc:1074 Getting Default Adapter failed.
8월 22, 2022 17:23:27.215 [3988:9156:0822/172327.215:ERROR:device_event_log_impl.cc(214)] [17:23:27.215] Bluetooth: bluetooth_adapter_winrt.cc:1074 Getting Default Adapter failed.

8월 23, 2022 11:25:55.132 NEW SESSION
8월 23, 2022 11:25:55.132 [7692:10804:0823/112555.131:ERROR:device_event_log_impl.cc(214)] [11:25:55.131] Bluetooth: bluetooth_adapter_winrt.cc:1074 Getting Default Adapter failed.

8월 24, 2022 11:11:32.306 NEW SESSION
8월 24, 2022 11:11:32.306 [4680:4008:0824/111132.305:ERROR:device_event_log_impl.cc(214)] [11:11:32.305] Bluetooth: bluetooth_adapter_winrt.cc:1074 Getting Default Adapter failed.

8월 24, 2022 19:41:59.887 NEW SESSION
8월 24, 2022 19:41:59.887 [7180:7816:0824/194159.886:ERROR:device_event_log_impl.cc(214)] [19:41:59.886] Bluetooth: bluetooth_adapter_winrt.cc:1074 Getting Default Adapter failed.
8월 24, 2022 19:42:03.550 [7180:7816:0824/194203.550:ERROR:interface_endpoint_client.cc(665)] Message 1 rejected by interface blink.mojom.WidgetHost

8월 25, 2022 11:56:00.562 NEW SESSION
8월 25, 2022 11:56:00.562 [3252:2444:0825/115600.562:ERROR:device_event_log_impl.cc(214)] [11:56:00.561] Bluetooth: bluetooth_adapter_winrt.cc:1074 Getting Default Adapter failed.
8월 25, 2022 12:00:23.835 [4216:6272:0825/120023.834:ERROR:device_event_log_impl.cc(214)] [12:00:23.834] Bluetooth: bluetooth_adapter_winrt.cc:1074 Getting Default Adapter failed.
8월 25, 2022 12:02:32.332 [864:3900:0825/120232.332:ERROR:device_event_log_impl.cc(214)] [12:02:32.332] Bluetooth: bluetooth_adapter_winrt.cc:1074 Getting Default Adapter failed.
8월 25, 2022 12:03:48.544 [9168:672:0825/120348.544:ERROR:device_event_log_impl.cc(214)] [12:03:48.543] Bluetooth: bluetooth_adapter_winrt.cc:1074 Getting Default Adapter failed.
8월 25, 2022 13:02:59.677 [9620:8636:0825/130259.677:ERROR:device_event_log_impl.cc(214)] [13:02:59.677] Bluetooth: bluetooth_adapter_winrt.cc:1074 Getting Default Adapter failed.
8월 25, 2022 14:23:05.482 [9620:8636:0825/142305.482:ERROR:interface_endpoint_client.cc(665)] Message 1 rejected by interface blink.mojom.WidgetHost
8월 25, 2022 17:19:04.420 [9620:8636:0825/171904.419:ERROR:interface_endpoint_client.cc(665)] Message 0 rejected by interface blink.mojom.WidgetHost
8월 25, 2022 18:37:39.140 [9620:8636:0825/183739.140:ERROR:interface_endpoint_client.cc(665)] Message 1 rejected by interface blink.mojom.WidgetHost

8월 26, 2022 12:05:32.427 NEW SESSION
8월 26, 2022 12:05:32.428 [8444:7004:0826/120532.427:ERROR:device_event_log_impl.cc(214)] [12:05:32.426] Bluetooth: bluetooth_adapter_winrt.cc:1074 Getting Default Adapter failed.

8월 26, 2022 14:54:12.553 NEW SESSION
8월 26, 2022 14:54:12.553 [9908:1668:0826/145412.552:ERROR:device_event_log_impl.cc(214)] [14:54:12.553] Bluetooth: bluetooth_adapter_winrt.cc:1074 Getting Default Adapter failed.
8월 26, 2022 16:28:48.817 [9908:1668:0826/162848.817:ERROR:interface_endpoint_client.cc(665)] Message 1 rejected by interface blink.mojom.WidgetHost
8월 26, 2022 17:38:26.677 [10228:12552:0826/173826.677:ERROR:device_event_log_impl.cc(214)] [17:38:26.677] Bluetooth: bluetooth_adapter_winrt.cc:1074 Getting Default Adapter failed.

8월 26, 2022 17:46:03.714 NEW SESSION
8월 26, 2022 17:46:03.714 [3796:4720:0826/174603.713:ERROR:device_event_log_impl.cc(214)] [17:46:03.713] Bluetooth: bluetooth_adapter_winrt.cc:1074 Getting Default Adapter failed.

8월 26, 2022 18:53:17.721 NEW SESSION
8월 26, 2022 18:53:17.722 [4944:8868:0826/185317.720:ERROR:device_event_log_impl.cc(214)] [18:53:17.720] Bluetooth: bluetooth_adapter_winrt.cc:1074 Getting Default Adapter failed.
8월 26, 2022 18:58:12.723 [4944:8868:0826/185812.723:ERROR:command_buffer_proxy_impl.cc(325)] GPU state invalid after WaitForGetOffsetInRange.
8월 26, 2022 18:58:12.775 [4944:8868:0826/185812.775:ERROR:gpu_process_host.cc(965)] GPU process exited unexpectedly: exit_code=34
8월 26, 2022 18:58:12.905 [4944:8868:0826/185812.905:ERROR:network_service_instance_impl.cc(461)] Network service crashed, restarting service.
8월 26, 2022 19:10:45.117 [3952:2980:0826/191045.117:ERROR:device_event_log_impl.cc(214)] [19:10:45.116] Bluetooth: bluetooth_adapter_winrt.cc:1074 Getting Default Adapter failed.
8월 26, 2022 20:08:52.269 [5868:8480:0826/200852.269:ERROR:device_event_log_impl.cc(214)] [20:08:52.269] Bluetooth: bluetooth_adapter_winrt.cc:1074 Getting Default Adapter failed.

9월 13, 2022 11:56:09.865 NEW SESSION
9월 13, 2022 11:56:09.865 [13852:5824:0913/115609.864:ERROR:device_event_log_impl.cc(214)] [11:56:09.864] Bluetooth: bluetooth_adapter_winrt.cc:1074 Getting Default Adapter failed.

9월 14, 2022 14:47:40.663 NEW SESSION
9월 14, 2022 14:47:40.663 [2136:4532:0914/144740.662:ERROR:device_event_log_impl.cc(214)] [14:47:40.662] Bluetooth: bluetooth_adapter_winrt.cc:1074 Getting Default Adapter failed.
9월 14, 2022 15:08:41.384 [10336:4592:0914/150841.384:ERROR:device_event_log_impl.cc(214)] [15:08:41.384] Bluetooth: bluetooth_adapter_winrt.cc:1074 Getting Default Adapter failed.

9월 14, 2022 15:28:17.792 NEW SESSION
9월 14, 2022 15:28:17.792 [11116:9672:0914/152817.791:ERROR:device_event_log_impl.cc(214)] [15:28:17.792] Bluetooth: bluetooth_adapter_winrt.cc:1074 Getting Default Adapter failed.
9월 14, 2022 15:35:26.125 [11296:8152:0914/153526.125:ERROR:device_event_log_impl.cc(214)] [15:35:26.125] Bluetooth: bluetooth_adapter_winrt.cc:1074 Getting Default Adapter failed.
9월 14, 2022 15:43:28.637 [6888:2416:0914/154328.637:ERROR:device_event_log_impl.cc(214)] [15:43:28.637] Bluetooth: bluetooth_adapter_winrt.cc:1074 Getting Default Adapter failed.
9월 14, 2022 15:45:35.47 [2988:7276:0914/154535.047:ERROR:device_event_log_impl.cc(214)] [15:45:35.047] Bluetooth: bluetooth_adapter_winrt.cc:1074 Getting Default Adapter failed.
9월 14, 2022 15:46:32.455 [10248:4608:0914/154632.454:ERROR:device_event_log_impl.cc(214)] [15:46:32.455] Bluetooth: bluetooth_adapter_winrt.cc:1074 Getting Default Adapter failed.
9월 14, 2022 15:52:06.928 [10248:4608:0914/155206.927:ERROR:interface_endpoint_client.cc(689)] Message 1 rejected by interface blink.mojom.WidgetHost
9월 14, 2022 15:59:03.770 [3604:3892:0914/155903.770:ERROR:device_event_log_impl.cc(214)] [15:59:03.770] Bluetooth: bluetooth_adapter_winrt.cc:1074 Getting Default Adapter failed.
9월 14, 2022 16:48:52.737 [3604:3892:0914/164852.737:ERROR:interface_endpoint_client.cc(689)] Message 0 rejected by interface blink.mojom.WidgetHost
9월 14, 2022 16:51:43.662 [3604:3892:0914/165143.662:ERROR:interface_endpoint_client.cc(689)] Message 0 rejected by interface blink.mojom.WidgetHost
9월 14, 2022 17:02:27.530 [3604:3892:0914/170227.530:ERROR:interface_endpoint_client.cc(689)] Message 1 rejected by interface blink.mojom.WidgetHost
9월 14, 2022 17:02:27.530 [3604:3892:0914/170227.530:ERROR:interface_endpoint_client.cc(689)] Message 1 rejected by interface blink.mojom.WidgetHost
9월 14, 2022 17:04:29.972 [3604:3892:0914/170429.972:ERROR:device_event_log_impl.cc(214)] [17:04:29.972] Bluetooth: bluetooth_adapter_winrt.cc:1074 Getting Default Adapter failed.
9월 14, 2022 17:28:14.661 [3604:3892:0914/172814.661:ERROR:interface_endpoint_client.cc(689)] Message 0 rejected by interface blink.mojom.WidgetHost

9월 15, 2022 09:32:13.978 NEW SESSION
9월 15, 2022 09:32:13.978 [11780:5040:0915/093213.977:ERROR:device_event_log_impl.cc(214)] [09:32:13.978] Bluetooth: bluetooth_adapter_winrt.cc:1074 Getting Default Adapter failed.
9월 15, 2022 09:33:07.823 [1972:1864:0915/093307.823:ERROR:device_event_log_impl.cc(214)] [09:33:07.822] Bluetooth: bluetooth_adapter_winrt.cc:1074 Getting Default Adapter failed.
9월 15, 2022 09:39:36.809 [11856:2444:0915/093936.809:ERROR:device_event_log_impl.cc(214)] [09:39:36.809] Bluetooth: bluetooth_adapter_winrt.cc:1074 Getting Default Adapter failed.
9월 15, 2022 09:52:44.991 [11856:2444:0915/095244.990:ERROR:interface_endpoint_client.cc(689)] Message 1 rejected by interface blink.mojom.WidgetHost
9월 15, 2022 10:03:48.322 [11856:2444:0915/100348.321:ERROR:interface_endpoint_client.cc(689)] Message 0 rejected by interface blink.mojom.WidgetHost
9월 15, 2022 15:49:56.783 [11856:2444:0915/154956.783:ERROR:interface_endpoint_client.cc(689)] Message 1 rejected by interface blink.mojom.WidgetHost

9월 16, 2022 16:54:05.474 NEW SESSION
9월 16, 2022 16:54:05.474 [12276:6916:0916/165405.468:ERROR:device_event_log_impl.cc(214)] [16:54:05.467] Bluetooth: bluetooth_adapter_winrt.cc:1074 Getting Default Adapter failed.

9월 19, 2022 09:57:03.672 NEW SESSION
9월 19, 2022 09:57:03.672 [6764:4948:0919/095703.665:ERROR:device_event_log_impl.cc(214)] [09:57:03.665] Bluetooth: bluetooth_adapter_winrt.cc:1074 Getting Default Adapter failed.
9월 19, 2022 10:00:26.536 [6764:4948:0919/100026.536:ERROR:interface_endpoint_client.cc(689)] Message 1 rejected by interface blink.mojom.WidgetHost
9월 19, 2022 10:00:26.537 [6764:4948:0919/100026.536:ERROR:interface_endpoint_client.cc(689)] Message 1 rejected by interface blink.mojom.WidgetHost
9월 19, 2022 10:06:45.444 [2308:3824:0919/100645.444:ERROR:device_event_log_impl.cc(214)] [10:06:45.444] Bluetooth: bluetooth_adapter_winrt.cc:1074 Getting Default Adapter failed.

9월 19, 2022 20:08:36.339 NEW SESSION
9월 19, 2022 20:08:36.339 [1000:4572:0919/200836.338:ERROR:device_event_log_impl.cc(214)] [20:08:36.338] Bluetooth: bluetooth_adapter_winrt.cc:1074 Getting Default Adapter failed.

9월 20, 2022 09:40:29.961 NEW SESSION
9월 20, 2022 09:40:29.961 [2952:920:0920/094029.961:ERROR:device_event_log_impl.cc(214)] [09:40:29.961] Bluetooth: bluetooth_adapter_winrt.cc:1074 Getting Default Adapter failed.
9월 20, 2022 09:45:44.630 [2952:920:0920/094544.629:ERROR:CONSOLE(1)] "Uncaught (in promise) URIError: URI malformed", source: devtools://devtools/bundled/devtools-frontend/front_end/models/workspace/workspace.js (1)
9월 20, 2022 10:16:02.532 [2952:920:0920/101602.531:ERROR:device_event_log_impl.cc(214)] [10:16:02.532] USB: usb_service_win.cc:104 SetupDiGetDeviceProperty({{A45C254E-DF1C-4EFD-8020-67D146A850E0}, 6}) failed: 요소가 없습니다. (0x490)
9월 20, 2022 12:35:04.222 [2952:920:0920/123504.221:ERROR:interface_endpoint_client.cc(689)] Message 0 rejected by interface blink.mojom.WidgetHost
9월 20, 2022 12:38:41.807 [2952:920:0920/123841.807:ERROR:interface_endpoint_client.cc(689)] Message 0 rejected by interface blink.mojom.WidgetHost
9월 20, 2022 12:39:22.710 [2952:920:0920/123922.709:ERROR:interface_endpoint_client.cc(689)] Message 1 rejected by interface blink.mojom.WidgetHost
9월 20, 2022 12:39:31.509 [2952:920:0920/123931.509:ERROR:CONSOLE(1)] "Uncaught (in promise) URIError: URI malformed", source: devtools://devtools/bundled/devtools-frontend/front_end/models/workspace/workspace.js (1)
9월 20, 2022 12:43:19.269 [2952:920:0920/124319.268:ERROR:interface_endpoint_client.cc(689)] Message 1 rejected by interface blink.mojom.WidgetHost
9월 20, 2022 12:45:28.567 [2952:920:0920/124528.567:ERROR:interface_endpoint_client.cc(689)] Message 0 rejected by interface blink.mojom.WidgetHost
9월 20, 2022 19:03:07.299 [2952:920:0920/190307.299:ERROR:CONSOLE(1)] "console.assert", source: devtools://devtools/bundled/devtools-frontend/front_end/core/sdk/sdk.js (1)
9월 20, 2022 19:03:07.299 [2952:920:0920/190307.299:ERROR:CONSOLE(0)] "TypeError: Cannot read properties of null (reading 'resourceURL')", source:  (0)

9월 21, 2022 09:49:16.302 NEW SESSION
9월 21, 2022 09:49:16.302 [10600:8752:0921/094916.301:ERROR:device_event_log_impl.cc(214)] [09:49:16.301] Bluetooth: bluetooth_adapter_winrt.cc:1074 Getting Default Adapter failed.
9월 21, 2022 13:14:23.619 [10600:8752:0921/131423.618:ERROR:interface_endpoint_client.cc(689)] Message 0 rejected by interface blink.mojom.WidgetHost
9월 21, 2022 16:45:55.691 [10600:8752:0921/164555.690:ERROR:interface_endpoint_client.cc(689)] Message 1 rejected by interface blink.mojom.WidgetHost
9월 21, 2022 18:26:55.334 [10600:8752:0921/182655.334:ERROR:interface_endpoint_client.cc(689)] Message 1 rejected by interface blink.mojom.WidgetHost
9월 21, 2022 18:57:46.221 [2656:924:0921/185746.220:ERROR:device_event_log_impl.cc(214)] [18:57:46.221] Bluetooth: bluetooth_adapter_winrt.cc:1074 Getting Default Adapter failed.

9월 22, 2022 09:35:23.939 NEW SESSION
9월 22, 2022 09:35:23.939 [9748:8384:0922/093523.938:ERROR:device_event_log_impl.cc(214)] [09:35:23.939] Bluetooth: bluetooth_adapter_winrt.cc:1074 Getting Default Adapter failed.
9월 22, 2022 16:55:14.61 [7260:4920:0922/165514.061:ERROR:device_event_log_impl.cc(214)] [16:55:14.060] Bluetooth: bluetooth_adapter_winrt.cc:1074 Getting Default Adapter failed.

9월 27, 2022 09:43:44.522 NEW SESSION
9월 27, 2022 09:43:44.522 [3000:1468:0927/094344.521:ERROR:device_event_log_impl.cc(214)] [09:43:44.521] Bluetooth: bluetooth_adapter_winrt.cc:1074 Getting Default Adapter failed.
9월 27, 2022 09:57:09.317 [6512:1596:0927/095709.316:ERROR:device_event_log_impl.cc(214)] [09:57:09.316] Bluetooth: bluetooth_adapter_winrt.cc:1074 Getting Default Adapter failed.
9월 27, 2022 10:30:57.322 [4320:1916:0927/103057.321:ERROR:device_event_log_impl.cc(214)] [10:30:57.321] Bluetooth: bluetooth_adapter_winrt.cc:1074 Getting Default Adapter failed.
9월 27, 2022 10:35:27.341 [4700:7236:0927/103527.341:ERROR:device_event_log_impl.cc(214)] [10:35:27.341] Bluetooth: bluetooth_adapter_winrt.cc:1074 Getting Default Adapter failed.
